2022-02-08 21:14:05 INFO  ProjectStartupHandler.runActivity(74) - ---------- Project opened ----------
2022-02-08 21:14:06 INFO  ProjectStartupHandler.runActivity(75) - ---------- Version 3.56 ----------

2022-02-08 21:14:06 INFO  ApacheHttpClient.isSessionAppropriateWithSecretKey(602) - Waiting for server response.
2022-02-08 21:14:06 INFO  ApacheHttpClient.isSessionAppropriateWithSecretKey(602) - Waiting for server response.
2022-02-08 21:14:06 INFO  ApacheHttpClient.refreshUserInfo(305) - responseCode = 200
2022-02-08 21:14:06 INFO  ApacheHttpClient.refreshUserInfo(311) - User information received.
2022-02-08 21:14:06 INFO  ApacheHttpClient.startGA(36) - GAService started.
2022-02-08 21:14:41 INFO  ApacheHttpClient.getWebResourceAsStream(502) - responseCode = 200
2022-02-08 21:14:41 INFO  ApacheHttpClient.getFilteredTasks(336) - responseCode = 200
2022-02-08 21:14:49 INFO  ApacheHttpClient.getFilteredTasks(336) - responseCode = 200
2022-02-08 21:14:54 INFO  ApacheHttpClient.getFilteredTasks(336) - responseCode = 200
2022-02-08 21:14:57 INFO  ApacheHttpClient.getFilteredTasks(336) - responseCode = 200
2022-02-08 21:15:01 INFO  ApacheHttpClient.getTaskTemplateInfo(353) - responseCode = 200
2022-02-08 21:15:02 INFO  ApacheHttpClient.getTaskTemplateInfo(353) - responseCode = 200
2022-02-08 21:15:13 INFO  ApacheHttpClient.getWebResourceAsStream(502) - responseCode = 200
2022-02-08 21:15:14 INFO  ApacheHttpClient.getFilteredTasks(336) - responseCode = 200
2022-02-08 21:15:18 INFO  ApacheHttpClient.getFilteredTasks(336) - responseCode = 200
2022-02-08 21:15:20 INFO  ApacheHttpClient.getTaskTemplateInfo(353) - responseCode = 200
2022-02-08 21:15:27 INFO  ApacheHttpClient.getWebResourceAsStream(502) - responseCode = 200
2022-02-08 21:15:29 INFO  ApacheHttpClient.getFilteredTasks(336) - responseCode = 200
2022-02-08 21:15:32 INFO  ApacheHttpClient.getTaskTemplateInfo(353) - responseCode = 200
2022-02-08 21:15:32 INFO  TaskInfoSelectorMouseListener.createDirectoryRecursive(77) - File created :/media/greg/f62a9504-de7c-4f9c-8dee-e7bdf8190192/greg/development/java_rush/JavaRushTasks/1.JavaSyntax/src/com/javarush/task/task04/task0404
2022-02-08 21:15:37 INFO  ApacheHttpClient.getWebResourceAsStream(502) - responseCode = 200
2022-02-08 21:15:38 INFO  ApacheHttpClient.getFilteredTasks(336) - responseCode = 200
2022-02-08 21:15:41 INFO  ApacheHttpClient.getTaskTemplateInfo(353) - responseCode = 200
2022-02-08 21:15:41 INFO  TaskInfoSelectorMouseListener.createDirectoryRecursive(77) - File created :/media/greg/f62a9504-de7c-4f9c-8dee-e7bdf8190192/greg/development/java_rush/JavaRushTasks/1.JavaSyntax/src/com/javarush/task/task04/task0405
2022-02-08 21:15:45 INFO  ApacheHttpClient.getWebResourceAsStream(502) - responseCode = 200
2022-02-08 21:15:46 INFO  ApacheHttpClient.getFilteredTasks(336) - responseCode = 200
2022-02-08 21:15:49 INFO  ApacheHttpClient.getTaskTemplateInfo(353) - responseCode = 200
2022-02-08 21:15:49 INFO  TaskInfoSelectorMouseListener.createDirectoryRecursive(77) - File created :/media/greg/f62a9504-de7c-4f9c-8dee-e7bdf8190192/greg/development/java_rush/JavaRushTasks/1.JavaSyntax/src/com/javarush/task/task04/task0406
2022-02-08 21:15:53 INFO  ApacheHttpClient.getWebResourceAsStream(502) - responseCode = 200
2022-02-08 21:15:54 INFO  ApacheHttpClient.getFilteredTasks(336) - responseCode = 200
2022-02-08 21:15:57 INFO  ApacheHttpClient.getTaskTemplateInfo(353) - responseCode = 200
2022-02-08 21:15:57 INFO  TaskInfoSelectorMouseListener.createDirectoryRecursive(77) - File created :/media/greg/f62a9504-de7c-4f9c-8dee-e7bdf8190192/greg/development/java_rush/JavaRushTasks/1.JavaSyntax/src/com/javarush/task/task04/task0407
2022-02-08 21:16:01 INFO  ApacheHttpClient.getWebResourceAsStream(502) - responseCode = 200
2022-02-08 21:16:02 INFO  ApacheHttpClient.getFilteredTasks(336) - responseCode = 200
2022-02-08 21:16:06 INFO  ApacheHttpClient.getTaskTemplateInfo(353) - responseCode = 200
2022-02-08 21:16:06 INFO  TaskInfoSelectorMouseListener.createDirectoryRecursive(77) - File created :/media/greg/f62a9504-de7c-4f9c-8dee-e7bdf8190192/greg/development/java_rush/JavaRushTasks/1.JavaSyntax/src/com/javarush/task/task04/task0408
2022-02-08 21:16:10 INFO  ApacheHttpClient.getWebResourceAsStream(502) - responseCode = 200
2022-02-08 21:16:11 INFO  ApacheHttpClient.getFilteredTasks(336) - responseCode = 200
2022-02-08 21:16:14 INFO  ApacheHttpClient.getTaskTemplateInfo(353) - responseCode = 200
2022-02-08 21:16:14 INFO  TaskInfoSelectorMouseListener.createDirectoryRecursive(77) - File created :/media/greg/f62a9504-de7c-4f9c-8dee-e7bdf8190192/greg/development/java_rush/JavaRushTasks/1.JavaSyntax/src/com/javarush/task/task04/task0409
2022-02-08 21:16:18 INFO  ApacheHttpClient.getWebResourceAsStream(502) - responseCode = 200
2022-02-08 21:16:19 INFO  ApacheHttpClient.getFilteredTasks(336) - responseCode = 200
2022-02-08 21:16:23 INFO  ApacheHttpClient.getTaskTemplateInfo(353) - responseCode = 200
2022-02-08 21:16:23 INFO  TaskInfoSelectorMouseListener.createDirectoryRecursive(77) - File created :/media/greg/f62a9504-de7c-4f9c-8dee-e7bdf8190192/greg/development/java_rush/JavaRushTasks/1.JavaSyntax/src/com/javarush/task/task04/task0410
2022-02-08 21:16:27 INFO  ApacheHttpClient.getWebResourceAsStream(502) - responseCode = 200
2022-02-08 21:16:28 INFO  ApacheHttpClient.getFilteredTasks(336) - responseCode = 200
2022-02-08 21:16:32 INFO  ApacheHttpClient.getTaskTemplateInfo(353) - responseCode = 200
2022-02-08 21:16:32 INFO  TaskInfoSelectorMouseListener.createDirectoryRecursive(77) - File created :/media/greg/f62a9504-de7c-4f9c-8dee-e7bdf8190192/greg/development/java_rush/JavaRushTasks/1.JavaSyntax/src/com/javarush/task/task04/task0411
2022-02-08 21:16:37 INFO  ApacheHttpClient.getWebResourceAsStream(502) - responseCode = 200
2022-02-08 21:16:38 INFO  ApacheHttpClient.getFilteredTasks(336) - responseCode = 200
2022-02-08 21:16:42 INFO  ApacheHttpClient.getTaskTemplateInfo(353) - responseCode = 200
2022-02-08 21:16:42 INFO  TaskInfoSelectorMouseListener.createDirectoryRecursive(77) - File created :/media/greg/f62a9504-de7c-4f9c-8dee-e7bdf8190192/greg/development/java_rush/JavaRushTasks/1.JavaSyntax/src/com/javarush/task/task04/task0412
2022-02-08 21:16:46 INFO  ApacheHttpClient.getWebResourceAsStream(502) - responseCode = 200
2022-02-08 21:16:48 INFO  ApacheHttpClient.getFilteredTasks(336) - responseCode = 200
2022-02-08 21:16:52 INFO  ApacheHttpClient.getTaskTemplateInfo(353) - responseCode = 200
2022-02-08 21:16:52 INFO  TaskInfoSelectorMouseListener.createDirectoryRecursive(77) - File created :/media/greg/f62a9504-de7c-4f9c-8dee-e7bdf8190192/greg/development/java_rush/JavaRushTasks/1.JavaSyntax/src/com/javarush/task/task04/task0413
2022-02-08 21:16:55 INFO  ApacheHttpClient.getWebResourceAsStream(502) - responseCode = 200
2022-02-08 21:16:56 INFO  ApacheHttpClient.getFilteredTasks(336) - responseCode = 200
2022-02-08 21:17:00 INFO  ApacheHttpClient.getTaskTemplateInfo(353) - responseCode = 200
2022-02-08 21:17:00 INFO  TaskInfoSelectorMouseListener.createDirectoryRecursive(77) - File created :/media/greg/f62a9504-de7c-4f9c-8dee-e7bdf8190192/greg/development/java_rush/JavaRushTasks/1.JavaSyntax/src/com/javarush/task/task04/task0414
2022-02-08 21:17:04 INFO  ApacheHttpClient.getWebResourceAsStream(502) - responseCode = 200
2022-02-08 21:17:06 INFO  ApacheHttpClient.getFilteredTasks(336) - responseCode = 200
2022-02-08 21:17:09 INFO  ApacheHttpClient.getTaskTemplateInfo(353) - responseCode = 200
2022-02-08 21:17:09 INFO  TaskInfoSelectorMouseListener.createDirectoryRecursive(77) - File created :/media/greg/f62a9504-de7c-4f9c-8dee-e7bdf8190192/greg/development/java_rush/JavaRushTasks/1.JavaSyntax/src/com/javarush/task/task04/task0415
2022-02-08 21:17:12 INFO  ApacheHttpClient.getWebResourceAsStream(502) - responseCode = 200
2022-02-08 21:17:13 INFO  ApacheHttpClient.getFilteredTasks(336) - responseCode = 200
2022-02-08 21:17:18 INFO  ApacheHttpClient.getTaskTemplateInfo(353) - responseCode = 200
2022-02-08 21:17:18 INFO  TaskInfoSelectorMouseListener.createDirectoryRecursive(77) - File created :/media/greg/f62a9504-de7c-4f9c-8dee-e7bdf8190192/greg/development/java_rush/JavaRushTasks/1.JavaSyntax/src/com/javarush/task/task04/task0416
2022-02-08 21:17:22 INFO  ApacheHttpClient.getWebResourceAsStream(502) - responseCode = 200
2022-02-08 21:17:23 INFO  ApacheHttpClient.getFilteredTasks(336) - responseCode = 200
2022-02-08 21:17:26 INFO  ApacheHttpClient.getTaskTemplateInfo(353) - responseCode = 200
2022-02-08 21:17:26 INFO  TaskInfoSelectorMouseListener.createDirectoryRecursive(77) - File created :/media/greg/f62a9504-de7c-4f9c-8dee-e7bdf8190192/greg/development/java_rush/JavaRushTasks/1.JavaSyntax/src/com/javarush/task/task04/task0417
2022-02-08 21:17:27 INFO  ApacheHttpClient.getTaskTemplateInfo(353) - responseCode = 200
2022-02-08 21:17:31 INFO  ApacheHttpClient.getWebResourceAsStream(502) - responseCode = 200
2022-02-08 21:17:32 INFO  ApacheHttpClient.getFilteredTasks(336) - responseCode = 200
2022-02-08 21:17:38 INFO  ApacheHttpClient.getTaskTemplateInfo(353) - responseCode = 200
2022-02-08 21:17:38 INFO  TaskInfoSelectorMouseListener.createDirectoryRecursive(77) - File created :/media/greg/f62a9504-de7c-4f9c-8dee-e7bdf8190192/greg/development/java_rush/JavaRushTasks/1.JavaSyntax/src/com/javarush/task/task04/task0418
2022-02-08 21:17:41 INFO  ApacheHttpClient.getWebResourceAsStream(502) - responseCode = 200
2022-02-08 21:17:42 INFO  ApacheHttpClient.getFilteredTasks(336) - responseCode = 200
2022-02-08 21:17:47 INFO  ApacheHttpClient.getTaskTemplateInfo(353) - responseCode = 200
2022-02-08 21:17:47 INFO  TaskInfoSelectorMouseListener.createDirectoryRecursive(77) - File created :/media/greg/f62a9504-de7c-4f9c-8dee-e7bdf8190192/greg/development/java_rush/JavaRushTasks/1.JavaSyntax/src/com/javarush/task/task04/task0419
2022-02-08 21:17:50 INFO  ApacheHttpClient.getWebResourceAsStream(502) - responseCode = 200
2022-02-08 21:17:51 INFO  ApacheHttpClient.getFilteredTasks(336) - responseCode = 200
2022-02-08 21:17:56 INFO  ApacheHttpClient.getTaskTemplateInfo(353) - responseCode = 200
2022-02-08 21:17:56 INFO  TaskInfoSelectorMouseListener.createDirectoryRecursive(77) - File created :/media/greg/f62a9504-de7c-4f9c-8dee-e7bdf8190192/greg/development/java_rush/JavaRushTasks/1.JavaSyntax/src/com/javarush/task/task04/task0420
2022-02-08 21:18:00 INFO  ApacheHttpClient.getWebResourceAsStream(502) - responseCode = 200
2022-02-08 21:18:01 INFO  ApacheHttpClient.getFilteredTasks(336) - responseCode = 200
2022-02-08 21:18:07 INFO  ApacheHttpClient.getTaskTemplateInfo(353) - responseCode = 200
2022-02-08 21:18:07 INFO  TaskInfoSelectorMouseListener.createDirectoryRecursive(77) - File created :/media/greg/f62a9504-de7c-4f9c-8dee-e7bdf8190192/greg/development/java_rush/JavaRushTasks/1.JavaSyntax/src/com/javarush/task/task04/task0421
2022-02-08 21:18:11 INFO  ApacheHttpClient.getWebResourceAsStream(502) - responseCode = 200
2022-02-08 21:18:12 INFO  ApacheHttpClient.getFilteredTasks(336) - responseCode = 200
2022-02-08 21:18:18 INFO  ApacheHttpClient.getTaskTemplateInfo(353) - responseCode = 200
2022-02-08 21:18:18 INFO  TaskInfoSelectorMouseListener.createDirectoryRecursive(77) - File created :/media/greg/f62a9504-de7c-4f9c-8dee-e7bdf8190192/greg/development/java_rush/JavaRushTasks/1.JavaSyntax/src/com/javarush/task/task04/task0422
2022-02-08 21:18:21 INFO  ApacheHttpClient.getWebResourceAsStream(502) - responseCode = 200
2022-02-08 21:18:22 INFO  ApacheHttpClient.getFilteredTasks(336) - responseCode = 200
2022-02-08 21:18:26 INFO  ApacheHttpClient.getTaskTemplateInfo(353) - responseCode = 200
2022-02-08 21:18:26 INFO  TaskInfoSelectorMouseListener.createDirectoryRecursive(77) - File created :/media/greg/f62a9504-de7c-4f9c-8dee-e7bdf8190192/greg/development/java_rush/JavaRushTasks/1.JavaSyntax/src/com/javarush/task/task04/task0423
2022-02-08 21:18:29 INFO  ApacheHttpClient.getWebResourceAsStream(502) - responseCode = 200
2022-02-08 21:18:30 INFO  ApacheHttpClient.getFilteredTasks(336) - responseCode = 200
2022-02-08 21:18:34 INFO  ApacheHttpClient.getTaskTemplateInfo(353) - responseCode = 200
2022-02-08 21:18:34 INFO  TaskInfoSelectorMouseListener.createDirectoryRecursive(77) - File created :/media/greg/f62a9504-de7c-4f9c-8dee-e7bdf8190192/greg/development/java_rush/JavaRushTasks/1.JavaSyntax/src/com/javarush/task/task04/task0424
2022-02-08 21:18:39 INFO  ApacheHttpClient.getWebResourceAsStream(502) - responseCode = 200
2022-02-08 21:18:40 INFO  ApacheHttpClient.getFilteredTasks(336) - responseCode = 200
2022-02-08 21:18:44 INFO  ApacheHttpClient.getTaskTemplateInfo(353) - responseCode = 200
2022-02-08 21:18:44 INFO  TaskInfoSelectorMouseListener.createDirectoryRecursive(77) - File created :/media/greg/f62a9504-de7c-4f9c-8dee-e7bdf8190192/greg/development/java_rush/JavaRushTasks/1.JavaSyntax/src/com/javarush/task/task04/task0425
2022-02-08 21:18:47 INFO  ApacheHttpClient.getWebResourceAsStream(502) - responseCode = 200
2022-02-08 21:18:48 INFO  ApacheHttpClient.getFilteredTasks(336) - responseCode = 200
2022-02-08 21:18:54 INFO  ApacheHttpClient.getTaskTemplateInfo(353) - responseCode = 200
2022-02-08 21:18:54 INFO  TaskInfoSelectorMouseListener.createDirectoryRecursive(77) - File created :/media/greg/f62a9504-de7c-4f9c-8dee-e7bdf8190192/greg/development/java_rush/JavaRushTasks/1.JavaSyntax/src/com/javarush/task/task04/task0426
2022-02-08 21:18:57 INFO  ApacheHttpClient.getWebResourceAsStream(502) - responseCode = 200
2022-02-08 21:18:59 INFO  ApacheHttpClient.getFilteredTasks(336) - responseCode = 200
2022-02-08 21:19:04 INFO  ApacheHttpClient.getTaskTemplateInfo(353) - responseCode = 200
2022-02-08 21:19:04 INFO  TaskInfoSelectorMouseListener.createDirectoryRecursive(77) - File created :/media/greg/f62a9504-de7c-4f9c-8dee-e7bdf8190192/greg/development/java_rush/JavaRushTasks/1.JavaSyntax/src/com/javarush/task/task04/task0427
2022-02-08 21:19:08 INFO  ApacheHttpClient.getWebResourceAsStream(502) - responseCode = 200
2022-02-08 21:19:09 INFO  ApacheHttpClient.getFilteredTasks(336) - responseCode = 200
2022-02-08 21:19:15 INFO  ApacheHttpClient.getTaskTemplateInfo(353) - responseCode = 200
2022-02-08 21:19:15 INFO  TaskInfoSelectorMouseListener.createDirectoryRecursive(77) - File created :/media/greg/f62a9504-de7c-4f9c-8dee-e7bdf8190192/greg/development/java_rush/JavaRushTasks/1.JavaSyntax/src/com/javarush/task/task04/task0428
2022-02-08 21:19:18 INFO  ApacheHttpClient.getWebResourceAsStream(502) - responseCode = 200
2022-02-08 21:19:19 INFO  ApacheHttpClient.getFilteredTasks(336) - responseCode = 200
2022-02-08 21:19:25 INFO  ApacheHttpClient.getTaskTemplateInfo(353) - responseCode = 200
2022-02-08 21:19:25 INFO  TaskInfoSelectorMouseListener.createDirectoryRecursive(77) - File created :/media/greg/f62a9504-de7c-4f9c-8dee-e7bdf8190192/greg/development/java_rush/JavaRushTasks/1.JavaSyntax/src/com/javarush/task/task04/task0429
2022-02-08 21:19:29 INFO  ApacheHttpClient.getWebResourceAsStream(502) - responseCode = 200
2022-02-08 21:19:30 INFO  ApacheHttpClient.getFilteredTasks(336) - responseCode = 200
2022-02-08 21:19:38 INFO  ApacheHttpClient.getTaskTemplateInfo(353) - responseCode = 200
2022-02-08 21:19:38 INFO  TaskInfoSelectorMouseListener.createDirectoryRecursive(77) - File created :/media/greg/f62a9504-de7c-4f9c-8dee-e7bdf8190192/greg/development/java_rush/JavaRushTasks/1.JavaSyntax/src/com/javarush/task/task04/task0430
2022-02-08 21:19:41 INFO  ApacheHttpClient.getWebResourceAsStream(502) - responseCode = 200
2022-02-08 21:19:42 INFO  ApacheHttpClient.getFilteredTasks(336) - responseCode = 200
2022-02-08 21:19:50 INFO  ApacheHttpClient.getTaskTemplateInfo(353) - responseCode = 200
2022-02-08 21:19:52 INFO  ApacheHttpClient.getWebResourceAsStream(502) - responseCode = 200
2022-02-08 21:19:53 INFO  ApacheHttpClient.getFilteredTasks(336) - responseCode = 200
2022-02-08 21:19:59 INFO  ApacheHttpClient.getTaskTemplateInfo(353) - responseCode = 200
2022-02-08 21:19:59 INFO  TaskInfoSelectorMouseListener.createDirectoryRecursive(77) - File created :/media/greg/f62a9504-de7c-4f9c-8dee-e7bdf8190192/greg/development/java_rush/JavaRushTasks/1.JavaSyntax/src/com/javarush/task/task04/task0431
2022-02-08 21:20:02 INFO  ApacheHttpClient.getWebResourceAsStream(502) - responseCode = 200
2022-02-08 21:20:03 INFO  ApacheHttpClient.getFilteredTasks(336) - responseCode = 200
2022-02-08 21:20:09 INFO  ApacheHttpClient.getTaskTemplateInfo(353) - responseCode = 200
2022-02-08 21:20:09 INFO  TaskInfoSelectorMouseListener.createDirectoryRecursive(77) - File created :/media/greg/f62a9504-de7c-4f9c-8dee-e7bdf8190192/greg/development/java_rush/JavaRushTasks/1.JavaSyntax/src/com/javarush/task/task04/task0432
2022-02-08 21:20:12 INFO  ApacheHttpClient.getWebResourceAsStream(502) - responseCode = 200
2022-02-08 21:20:14 INFO  ApacheHttpClient.getFilteredTasks(336) - responseCode = 200
2022-02-08 21:20:21 INFO  ApacheHttpClient.getTaskTemplateInfo(353) - responseCode = 200
2022-02-08 21:20:21 INFO  TaskInfoSelectorMouseListener.createDirectoryRecursive(77) - File created :/media/greg/f62a9504-de7c-4f9c-8dee-e7bdf8190192/greg/development/java_rush/JavaRushTasks/1.JavaSyntax/src/com/javarush/task/task04/task0433
2022-02-08 21:20:24 INFO  ApacheHttpClient.getWebResourceAsStream(502) - responseCode = 200
2022-02-08 21:20:25 INFO  ApacheHttpClient.getFilteredTasks(336) - responseCode = 200
2022-02-08 21:20:33 INFO  ApacheHttpClient.getTaskTemplateInfo(353) - responseCode = 200
2022-02-08 21:20:33 INFO  TaskInfoSelectorMouseListener.createDirectoryRecursive(77) - File created :/media/greg/f62a9504-de7c-4f9c-8dee-e7bdf8190192/greg/development/java_rush/JavaRushTasks/1.JavaSyntax/src/com/javarush/task/task04/task0434
2022-02-08 21:20:36 INFO  ApacheHttpClient.getWebResourceAsStream(502) - responseCode = 200
2022-02-08 21:20:37 INFO  ApacheHttpClient.getFilteredTasks(336) - responseCode = 200
2022-02-08 21:20:44 INFO  ApacheHttpClient.getTaskTemplateInfo(353) - responseCode = 200
2022-02-08 21:20:44 INFO  TaskInfoSelectorMouseListener.createDirectoryRecursive(77) - File created :/media/greg/f62a9504-de7c-4f9c-8dee-e7bdf8190192/greg/development/java_rush/JavaRushTasks/1.JavaSyntax/src/com/javarush/task/task04/task0435
2022-02-08 21:20:48 INFO  ApacheHttpClient.getWebResourceAsStream(502) - responseCode = 200
2022-02-08 21:20:49 INFO  ApacheHttpClient.getFilteredTasks(336) - responseCode = 200
2022-02-08 21:20:55 INFO  ApacheHttpClient.getTaskTemplateInfo(353) - responseCode = 200
2022-02-08 21:20:55 INFO  TaskInfoSelectorMouseListener.createDirectoryRecursive(77) - File created :/media/greg/f62a9504-de7c-4f9c-8dee-e7bdf8190192/greg/development/java_rush/JavaRushTasks/1.JavaSyntax/src/com/javarush/task/task04/task0436
2022-02-08 21:20:58 INFO  ApacheHttpClient.getWebResourceAsStream(502) - responseCode = 200
2022-02-08 21:20:59 INFO  ApacheHttpClient.getFilteredTasks(336) - responseCode = 200
2022-02-08 21:21:07 INFO  ApacheHttpClient.getTaskTemplateInfo(353) - responseCode = 200
2022-02-08 21:21:07 INFO  TaskInfoSelectorMouseListener.createDirectoryRecursive(77) - File created :/media/greg/f62a9504-de7c-4f9c-8dee-e7bdf8190192/greg/development/java_rush/JavaRushTasks/1.JavaSyntax/src/com/javarush/task/task04/task0437
2022-02-08 21:21:10 INFO  ApacheHttpClient.getWebResourceAsStream(502) - responseCode = 200
2022-02-08 21:21:11 INFO  ApacheHttpClient.getFilteredTasks(336) - responseCode = 200
2022-02-08 21:21:17 INFO  ApacheHttpClient.getTaskTemplateInfo(353) - responseCode = 200
2022-02-08 21:21:17 INFO  TaskInfoSelectorMouseListener.createDirectoryRecursive(77) - File created :/media/greg/f62a9504-de7c-4f9c-8dee-e7bdf8190192/greg/development/java_rush/JavaRushTasks/1.JavaSyntax/src/com/javarush/task/task04/task0438
2022-02-08 21:21:20 INFO  ApacheHttpClient.getWebResourceAsStream(502) - responseCode = 200
2022-02-08 21:21:21 INFO  ApacheHttpClient.getFilteredTasks(336) - responseCode = 200
2022-02-08 21:21:26 INFO  ApacheHttpClient.getTaskTemplateInfo(353) - responseCode = 200
2022-02-08 21:21:26 INFO  TaskInfoSelectorMouseListener.createDirectoryRecursive(77) - File created :/media/greg/f62a9504-de7c-4f9c-8dee-e7bdf8190192/greg/development/java_rush/JavaRushTasks/1.JavaSyntax/src/com/javarush/task/task04/task0439
2022-02-08 21:21:29 INFO  ApacheHttpClient.getWebResourceAsStream(502) - responseCode = 200
2022-02-08 21:21:30 INFO  ApacheHttpClient.getFilteredTasks(336) - responseCode = 200
2022-02-08 21:21:37 INFO  ApacheHttpClient.getTaskTemplateInfo(353) - responseCode = 200
2022-02-08 21:21:37 INFO  TaskInfoSelectorMouseListener.createDirectoryRecursive(77) - File created :/media/greg/f62a9504-de7c-4f9c-8dee-e7bdf8190192/greg/development/java_rush/JavaRushTasks/1.JavaSyntax/src/com/javarush/task/task04/task0440
2022-02-08 21:21:40 INFO  ApacheHttpClient.getWebResourceAsStream(502) - responseCode = 200
2022-02-08 21:21:42 INFO  ApacheHttpClient.getFilteredTasks(336) - responseCode = 200
2022-02-08 21:21:45 INFO  ApacheHttpClient.getTaskTemplateInfo(353) - responseCode = 200
2022-02-08 21:21:45 INFO  TaskInfoSelectorMouseListener.createDirectoryRecursive(77) - File created :/media/greg/f62a9504-de7c-4f9c-8dee-e7bdf8190192/greg/development/java_rush/JavaRushTasks/1.JavaSyntax/src/com/javarush/task/task04/task0441
2022-02-08 21:21:48 INFO  ApacheHttpClient.getWebResourceAsStream(502) - responseCode = 200
2022-02-08 21:21:49 INFO  ApacheHttpClient.getFilteredTasks(336) - responseCode = 200
2022-02-08 21:21:53 INFO  ApacheHttpClient.getTaskTemplateInfo(353) - responseCode = 200
2022-02-08 21:21:53 INFO  TaskInfoSelectorMouseListener.createDirectoryRecursive(77) - File created :/media/greg/f62a9504-de7c-4f9c-8dee-e7bdf8190192/greg/development/java_rush/JavaRushTasks/1.JavaSyntax/src/com/javarush/task/task04/task0442
2022-02-08 21:21:56 INFO  ApacheHttpClient.getWebResourceAsStream(502) - responseCode = 200
2022-02-08 21:21:57 INFO  ApacheHttpClient.getFilteredTasks(336) - responseCode = 200
2022-02-08 21:22:02 INFO  ApacheHttpClient.getTaskTemplateInfo(353) - responseCode = 200
2022-02-08 21:22:02 INFO  TaskInfoSelectorMouseListener.createDirectoryRecursive(77) - File created :/media/greg/f62a9504-de7c-4f9c-8dee-e7bdf8190192/greg/development/java_rush/JavaRushTasks/1.JavaSyntax/src/com/javarush/task/task04/task0443
